0 info it worked if it ends with ok
1 verbose cli [ '/usr/bin/node', '/usr/bin/npm', 'install', 'betterdoctor-api' ]
2 info using npm@3.5.2
3 info using node@v8.10.0
4 silly loadCurrentTree Starting
5 silly install loadCurrentTree
6 silly install readLocalPackageData
7 silly fetchPackageMetaData betterdoctor-api
8 silly fetchNamedPackageData betterdoctor-api
9 silly mapToRegistry name betterdoctor-api
10 silly mapToRegistry using default registry
11 silly mapToRegistry registry https://registry.npmjs.org/
12 silly mapToRegistry uri https://registry.npmjs.org/betterdoctor-api
13 verbose request uri https://registry.npmjs.org/betterdoctor-api
14 verbose request no auth needed
15 info attempt registry request try #1 at 6:34:52 PM
16 verbose request id 659035a501d644d0
17 http request GET https://registry.npmjs.org/betterdoctor-api
18 http 404 https://registry.npmjs.org/betterdoctor-api
19 verbose headers { date: 'Tue, 24 Jul 2018 13:04:55 GMT',
19 verbose headers   'content-type': 'application/json',
19 verbose headers   'content-length': '21',
19 verbose headers   connection: 'keep-alive',
19 verbose headers   'set-cookie':
19 verbose headers    [ '__cfduid=de26c81c6217456be071141f5135e13811532437494; expires=Wed, 24-Jul-19 13:04:54 GMT; path=/; domain=.registry.npmjs.org; HttpOnly' ],
19 verbose headers   'cache-control': 'max-age=300',
19 verbose headers   'cf-cache-status': 'MISS',
19 verbose headers   'cf-ray': '43f69863b9d22fab-MAA',
19 verbose headers   'expect-ct': 'max-age=604800, report-uri="https://report-uri.cloudflare.com/cdn-cgi/beacon/expect-ct"',
19 verbose headers   'npm-notice': 'Due to a recent security incident, all user tokens have been invalidated. Please see https://status.npmjs.org/incidents/dn7c1fgrr7ng for more details. To generate a new token, visit https://www.npmjs.com/settings/~/tokens or run "npm login".',
19 verbose headers   vary: 'accept-encoding, accept',
19 verbose headers   server: 'cloudflare' }
20 warn notice Due to a recent security incident, all user tokens have been invalidated. Please see https://status.npmjs.org/incidents/dn7c1fgrr7ng for more details. To generate a new token, visit https://www.npmjs.com/settings/~/tokens or run "npm login".
21 silly get cb [ 404,
21 silly get   { date: 'Tue, 24 Jul 2018 13:04:55 GMT',
21 silly get     'content-type': 'application/json',
21 silly get     'content-length': '21',
21 silly get     connection: 'keep-alive',
21 silly get     'set-cookie':
21 silly get      [ '__cfduid=de26c81c6217456be071141f5135e13811532437494; expires=Wed, 24-Jul-19 13:04:54 GMT; path=/; domain=.registry.npmjs.org; HttpOnly' ],
21 silly get     'cache-control': 'max-age=300',
21 silly get     'cf-cache-status': 'MISS',
21 silly get     'cf-ray': '43f69863b9d22fab-MAA',
21 silly get     'expect-ct': 'max-age=604800, report-uri="https://report-uri.cloudflare.com/cdn-cgi/beacon/expect-ct"',
21 silly get     'npm-notice': 'Due to a recent security incident, all user tokens have been invalidated. Please see https://status.npmjs.org/incidents/dn7c1fgrr7ng for more details. To generate a new token, visit https://www.npmjs.com/settings/~/tokens or run "npm login".',
21 silly get     vary: 'accept-encoding, accept',
21 silly get     server: 'cloudflare' } ]
22 silly fetchPackageMetaData Error: Not found : betterdoctor-api
22 silly fetchPackageMetaData     at makeError (/usr/share/npm/node_modules/npm-registry-client/lib/request.js:264:12)
22 silly fetchPackageMetaData     at CachingRegistryClient.<anonymous> (/usr/share/npm/node_modules/npm-registry-client/lib/request.js:252:14)
22 silly fetchPackageMetaData     at Request._callback (/usr/share/npm/node_modules/npm-registry-client/lib/request.js:172:14)
22 silly fetchPackageMetaData     at Request.self.callback (/usr/share/npm/node_modules/request/request.js:198:22)
22 silly fetchPackageMetaData     at emitTwo (events.js:126:13)
22 silly fetchPackageMetaData     at Request.emit (events.js:214:7)
22 silly fetchPackageMetaData     at Request.<anonymous> (/usr/share/npm/node_modules/request/request.js:1082:10)
22 silly fetchPackageMetaData     at emitOne (events.js:121:20)
22 silly fetchPackageMetaData     at Request.emit (events.js:211:7)
22 silly fetchPackageMetaData     at IncomingMessage.<anonymous> (/usr/share/npm/node_modules/request/request.js:1009:12)
22 silly fetchPackageMetaData  error for betterdoctor-api { Error: Not found : betterdoctor-api
22 silly fetchPackageMetaData     at makeError (/usr/share/npm/node_modules/npm-registry-client/lib/request.js:264:12)
22 silly fetchPackageMetaData     at CachingRegistryClient.<anonymous> (/usr/share/npm/node_modules/npm-registry-client/lib/request.js:252:14)
22 silly fetchPackageMetaData     at Request._callback (/usr/share/npm/node_modules/npm-registry-client/lib/request.js:172:14)
22 silly fetchPackageMetaData     at Request.self.callback (/usr/share/npm/node_modules/request/request.js:198:22)
22 silly fetchPackageMetaData     at emitTwo (events.js:126:13)
22 silly fetchPackageMetaData     at Request.emit (events.js:214:7)
22 silly fetchPackageMetaData     at Request.<anonymous> (/usr/share/npm/node_modules/request/request.js:1082:10)
22 silly fetchPackageMetaData     at emitOne (events.js:121:20)
22 silly fetchPackageMetaData     at Request.emit (events.js:211:7)
22 silly fetchPackageMetaData     at IncomingMessage.<anonymous> (/usr/share/npm/node_modules/request/request.js:1009:12) pkgid: 'betterdoctor-api', statusCode: 404, code: 'E404' }
23 silly rollbackFailedOptional Starting
24 silly rollbackFailedOptional Finishing
25 silly runTopLevelLifecycles Starting
26 silly runTopLevelLifecycles Finishing
27 silly install printInstalled
28 verbose stack Error: Not found : betterdoctor-api
28 verbose stack     at makeError (/usr/share/npm/node_modules/npm-registry-client/lib/request.js:264:12)
28 verbose stack     at CachingRegistryClient.<anonymous> (/usr/share/npm/node_modules/npm-registry-client/lib/request.js:252:14)
28 verbose stack     at Request._callback (/usr/share/npm/node_modules/npm-registry-client/lib/request.js:172:14)
28 verbose stack     at Request.self.callback (/usr/share/npm/node_modules/request/request.js:198:22)
28 verbose stack     at emitTwo (events.js:126:13)
28 verbose stack     at Request.emit (events.js:214:7)
28 verbose stack     at Request.<anonymous> (/usr/share/npm/node_modules/request/request.js:1082:10)
28 verbose stack     at emitOne (events.js:121:20)
28 verbose stack     at Request.emit (events.js:211:7)
28 verbose stack     at IncomingMessage.<anonymous> (/usr/share/npm/node_modules/request/request.js:1009:12)
29 verbose statusCode 404
30 verbose pkgid betterdoctor-api
31 verbose cwd /home/pallav/WEB PROJECTS/APIs/BetterDoctorAPI
32 error Linux 4.15.0-23-generic
33 error argv "/usr/bin/node" "/usr/bin/npm" "install" "betterdoctor-api"
34 error node v8.10.0
35 error npm  v3.5.2
36 error code E404
37 error 404 Not found : betterdoctor-api
38 error 404
39 error 404 'betterdoctor-api' is not in the npm registry.
40 error 404 You should bug the author to publish it (or use the name yourself!)
41 error 404 Note that you can also install from a
42 error 404 tarball, folder, http url, or git url.
43 verbose exit [ 1, true ]
